c:\users\nang\desktop\gamedev-intro-tutorials-master\04-collision\debug\vc142.pdb
c:\users\nang\desktop\gamedev-intro-tutorials-master\04-collision\debug\vc142.idb
c:\users\nang\desktop\gamedev-intro-tutorials-master\04-collision\debug\textures.obj
c:\users\nang\desktop\gamedev-intro-tutorials-master\04-collision\debug\sprites.obj
c:\users\nang\desktop\gamedev-intro-tutorials-master\04-collision\debug\mario.obj
c:\users\nang\desktop\gamedev-intro-tutorials-master\04-collision\debug\main.obj
c:\users\nang\desktop\gamedev-intro-tutorials-master\04-collision\debug\goomba.obj
c:\users\nang\desktop\gamedev-intro-tutorials-master\04-collision\debug\gameobject.obj
c:\users\nang\desktop\gamedev-intro-tutorials-master\04-collision\debug\game.obj
c:\users\nang\desktop\gamedev-intro-tutorials-master\04-collision\debug\debug.obj
c:\users\nang\desktop\gamedev-intro-tutorials-master\04-collision\debug\brick.obj
c:\users\nang\desktop\gamedev-intro-tutorials-master\debug\04-collision.pdb
c:\users\nang\desktop\gamedev-intro-tutorials-master\04-collision\debug\04-collision.tlog\cl.command.1.tlog
c:\users\nang\desktop\gamedev-intro-tutorials-master\04-collision\debug\04-collision.tlog\cl.read.1.tlog
c:\users\nang\desktop\gamedev-intro-tutorials-master\04-collision\debug\04-collision.tlog\cl.write.1.tlog
c:\users\nang\desktop\gamedev-intro-tutorials-master\04-collision\debug\04-collision.tlog\link-cvtres.read.1.tlog
c:\users\nang\desktop\gamedev-intro-tutorials-master\04-collision\debug\04-collision.tlog\link-cvtres.write.1.tlog
c:\users\nang\desktop\gamedev-intro-tutorials-master\04-collision\debug\04-collision.tlog\link-rc.read.1.tlog
c:\users\nang\desktop\gamedev-intro-tutorials-master\04-collision\debug\04-collision.tlog\link-rc.write.1.tlog
c:\users\nang\desktop\gamedev-intro-tutorials-master\04-collision\debug\04-collision.tlog\link.command.1.tlog
c:\users\nang\desktop\gamedev-intro-tutorials-master\04-collision\debug\04-collision.tlog\link.read.1.tlog
c:\users\nang\desktop\gamedev-intro-tutorials-master\04-collision\debug\04-collision.tlog\link.write.1.tlog
