  Brick.cpp
  debug.cpp
  Game.cpp
C:\Users\nang\Desktop\game-directX\MiniGameFramework\Game.cpp(63,39): warning C4244: 'argument': conversion from 'double' to 'FLOAT', possible loss of data
C:\Users\nang\Desktop\game-directX\MiniGameFramework\Game.cpp(63,21): warning C4244: 'argument': conversion from 'double' to 'FLOAT', possible loss of data
C:\Users\nang\Desktop\game-directX\MiniGameFramework\Game.cpp(262,26): warning C4305: '=': truncation from '__int64' to 'float'
C:\Users\nang\Desktop\game-directX\MiniGameFramework\Game.cpp(263,24): warning C4305: '=': truncation from '__int64' to 'float'
C:\Users\nang\Desktop\game-directX\MiniGameFramework\Game.cpp(273,26): warning C4305: '=': truncation from '__int64' to 'float'
C:\Users\nang\Desktop\game-directX\MiniGameFramework\Game.cpp(274,24): warning C4305: '=': truncation from '__int64' to 'float'
  GameObject.cpp
  Goomba.cpp
  main.cpp
C:\Users\nang\Desktop\game-directX\MiniGameFramework\main.cpp(276,27): warning C4244: 'argument': conversion from 'int' to 'float', possible loss of data
C:\Users\nang\Desktop\game-directX\MiniGameFramework\main.cpp(293,20): warning C4018: '<': signed/unsigned mismatch
C:\Users\nang\Desktop\game-directX\MiniGameFramework\main.cpp(298,20): warning C4018: '<': signed/unsigned mismatch
C:\Users\nang\Desktop\game-directX\MiniGameFramework\main.cpp(330,21): warning C4018: '<': signed/unsigned mismatch
  Mario.cpp
  Sprites.cpp
  Textures.cpp
  Generating Code...
  MiniGameFramework.vcxproj -> C:\Users\nang\Desktop\game-directX\Debug\MiniGameFramework.exe
